Build started 26.01.2012 12:45:12.
     1>Project "D:\Code\C++\hash_map\hash_map\hash_map.vcxproj" on node 2 (build target(s)).
     1>InitializeBuildStatus:
         Touching "Debug\hash_map.unsuccessfulbuild".
       ClCompile:
         All outputs are up-to-date.
         C:\Program Files\Microsoft Visual Studio 10.0\VC\bin\CL.exe /c /ZI /nologo /W3 /WX- /Od /Oy- /D WIN32 /D _DEBUG /D _CONSOLE /D _UNICODE /D UNICODE /Gm /EHsc /RTC1 /MDd /GS /fp:precise /Zc:wchar_t /Zc:forScope /Yu"StdAfx.h" /Fp"Debug\hash_map.pch" /Fo"Debug\\" /Fd"Debug\vc100.pdb" /Gd /TP /analyze- /errorReport:prompt hash_map.cpp
         hash_map.cpp
       ManifestResourceCompile:
         All outputs are up-to-date.
       Link:
         C:\Program Files\Microsoft Visual Studio 10.0\VC\bin\link.exe /ERRORREPORT:PROMPT /OUT:"D:\code\C++\hash_map\Debug\hash_map.exe" /INCREMENTAL /NOLOGO kernel32.lib user32.lib gdi32.lib winspool.lib comdlg32.lib advapi32.lib shell32.lib ole32.lib oleaut32.lib uuid.lib odbc32.lib odbccp32.lib /MANIFEST /ManifestFile:"Debug\hash_map.exe.intermediate.manifest" /MANIFESTUAC:"level='asInvoker' uiAccess='false'" /DEBUG /PDB:"D:\code\C++\hash_map\Debug\hash_map.pdb" /SUBSYSTEM:CONSOLE /TLBID:1 /DYNAMICBASE /NXCOMPAT /IMPLIB:"D:\code\C++\hash_map\Debug\hash_map.lib" /MACHINE:X86 Debug\hash_map.exe.embed.manifest.res
         Debug\hash_map.obj
         Debug\main.obj
         Debug\stdafx.obj
     1>main.obj : error LNK2019: unresolved external symbol "public: void __thiscall hash_map<class std::basic_string<char,struct std::char_traits<char>,class std::allocator<char> >,int>::erase(struct std::pair<class std::basic_string<char,struct std::char_traits<char>,class std::allocator<char> >,int> const &)" (?erase@?$hash_map@V?$basic_string@DU?$char_traits@D@std@@V?$allocator@D@2@@std@@H@@QAEXABU?$pair@V?$basic_string@DU?$char_traits@D@std@@V?$allocator@D@2@@std@@H@std@@@Z) referenced in function _main
     1>main.obj : error LNK2019: unresolved external symbol "public: bool __thiscall hash_map<class std::basic_string<char,struct std::char_traits<char>,class std::allocator<char> >,int>::find(struct std::pair<class std::basic_string<char,struct std::char_traits<char>,class std::allocator<char> >,int> const &)" (?find@?$hash_map@V?$basic_string@DU?$char_traits@D@std@@V?$allocator@D@2@@std@@H@@QAE_NABU?$pair@V?$basic_string@DU?$char_traits@D@std@@V?$allocator@D@2@@std@@H@std@@@Z) referenced in function _main
     1>main.obj : error LNK2019: unresolved external symbol "public: int & __thiscall hash_map<class std::basic_string<char,struct std::char_traits<char>,class std::allocator<char> >,int>::insert(struct std::pair<class std::basic_string<char,struct std::char_traits<char>,class std::allocator<char> >,int> const &)" (?insert@?$hash_map@V?$basic_string@DU?$char_traits@D@std@@V?$allocator@D@2@@std@@H@@QAEAAHABU?$pair@V?$basic_string@DU?$char_traits@D@std@@V?$allocator@D@2@@std@@H@std@@@Z) referenced in function _main
     1>main.obj : error LNK2019: unresolved external symbol "public: __thiscall hash_map<class std::basic_string<char,struct std::char_traits<char>,class std::allocator<char> >,int>::hash_map<class std::basic_string<char,struct std::char_traits<char>,class std::allocator<char> >,int>(void)" (??0?$hash_map@V?$basic_string@DU?$char_traits@D@std@@V?$allocator@D@2@@std@@H@@QAE@XZ) referenced in function _main
     1>D:\code\C++\hash_map\Debug\hash_map.exe : fatal error LNK1120: 4 unresolved externals
     1>Done Building Project "D:\Code\C++\hash_map\hash_map\hash_map.vcxproj" (build target(s)) -- FAILED.

Build FAILED.

Time Elapsed 00:00:01.81
